{"name": "test_guest_cant_see_success_message_after_adding_product_to_basket", "status": "skipped", "statusDetails": {"message": "XFAIL\n\nAssertionError: Success message is presented, but should not be", "trace": "self = <module_5.test_product_page.TestProductPage object at 0x0000020F43785A90>\nbrowser = <selenium.webdriver.chrome.webdriver.WebDriver (session=\"fe77c24a1721525065107e98a2d4136c\")>\n\n    @pytest.mark.xfail\n    def test_guest_cant_see_success_message_after_adding_product_to_basket(self, browser):\n        # Arrange\n        page = ProductPage(browser, link1)\n        page.open()\n    \n        # Act\n        page.add_product_to_basket()\n    \n        # Assert\n>       page.should_not_be_success_message()\n\nmodule_5\\test_product_page.py:40: \n_ _ _ _ _ _ _ _ _ _ _ _ _ _ _ _ _ _ _ _ _ _ _ _ _ _ _ _ _ _ _ _ _ _ _ _ _ _ _ _ _ _ _ _ _ _ _ _ _ _ _ _ _ _ _ _ _ _ _ _ _ _ _ _ _ _ _ _ _ _ _ _ _ _ _ _ _ \n\nself = <module_5.pages.product_page.ProductPage object at 0x0000020F437BFAC0>\n\n    def should_not_be_success_message(self):\n        # Assert\n>       assert self.is_not_element_present(*ProductPageLocators.SUCCESS_MESSAGE), \\\n            \"Success message is presented, but should not be\"\nE       AssertionError: Success message is presented, but should not be\n\nmodule_5\\pages\\product_page.py:33: AssertionError"}, "attachments": [{"name": "stdout", "source": "cd911961-7139-47af-8fa6-220ffcc575d7-attachment.txt", "type": "text/plain"}], "start": 1615673540670, "stop": 1615673542734, "uuid": "899ecc8e-5f9d-459d-8e8f-e49b02d7c037", "historyId": "73a493c161f5189f89249bf7a7c46bd7", "testCaseId": "2ea4af866a6f0b6145e4e6caa3eec1ae", "fullName": "module_5.test_product_page.TestProductPage#test_guest_cant_see_success_message_after_adding_product_to_basket", "labels": [{"name": "tag", "value": "@pytest.mark.xfail"}, {"name": "parentSuite", "value": "module_5"}, {"name": "suite", "value": "test_product_page"}, {"name": "subSuite", "value": "TestProductPage"}, {"name": "host", "value": "NB-119437"}, {"name": "thread", "value": "2872-MainThread"}, {"name": "framework", "value": "pytest"}, {"name": "language", "value": "cpython3"}, {"name": "package", "value": "module_5.test_product_page"}]}