{
  "uid" : "684d755dc5d71a92",
  "name" : "test_message_disappeared_after_adding_product_to_basket",
  "fullName" : "module_5.test_product_page.TestProductPage#test_message_disappeared_after_adding_product_to_basket",
  "historyId" : "b1c3189d6400963e937a7a94e38cea78",
  "time" : {
    "start" : 1615673561114,
    "stop" : 1615673567129,
    "duration" : 6015
  },
  "status" : "skipped",
  "statusMessage" : "XFAIL\n\nAssertionError: Success message is not disappeared, but should be",
  "statusTrace" : "self = <module_5.test_product_page.TestProductPage object at 0x0000020F4375E610>\nbrowser = <selenium.webdriver.chrome.webdriver.WebDriver (session=\"d3317206575d6afa513cf3ce2e12c652\")>\n\n    @pytest.mark.xfail\n    def test_message_disappeared_after_adding_product_to_basket(self, browser):\n        # Arrange\n        page = ProductPage(browser, link1)\n        page.open()\n    \n        # Act\n        page.add_product_to_basket()\n    \n        # Assert\n>       page.should_disappear_success_message()\n\nmodule_5\\test_product_page.py:60: \n_ _ _ _ _ _ _ _ _ _ _ _ _ _ _ _ _ _ _ _ _ _ _ _ _ _ _ _ _ _ _ _ _ _ _ _ _ _ _ _ _ _ _ _ _ _ _ _ _ _ _ _ _ _ _ _ _ _ _ _ _ _ _ _ _ _ _ _ _ _ _ _ _ _ _ _ _ \n\nself = <module_5.pages.product_page.ProductPage object at 0x0000020F43785CD0>\n\n    def should_disappear_success_message(self):\n        # Assert\n>       assert self.is_disappeared(*ProductPageLocators.SUCCESS_MESSAGE), \\\n            \"Success message is not disappeared, but should be\"\nE       AssertionError: Success message is not disappeared, but should be\n\nmodule_5\\pages\\product_page.py:38: AssertionError",
  "flaky" : false,
  "newFailed" : false,
  "beforeStages" : [ {
    "name" : "browser",
    "time" : {
      "start" : 1615673560003,
      "stop" : 1615673561114,
      "duration" : 1111
    },
    "status" : "passed",
    "steps" : [ ],
    "attachments" : [ ],
    "parameters" : [ ],
    "attachmentsCount" : 0,
    "shouldDisplayMessage" : false,
    "stepsCount" : 0,
    "hasContent" : false
  } ],
  "testStage" : {
    "status" : "skipped",
    "statusMessage" : "XFAIL\n\nAssertionError: Success message is not disappeared, but should be",
    "statusTrace" : "self = <module_5.test_product_page.TestProductPage object at 0x0000020F4375E610>\nbrowser = <selenium.webdriver.chrome.webdriver.WebDriver (session=\"d3317206575d6afa513cf3ce2e12c652\")>\n\n    @pytest.mark.xfail\n    def test_message_disappeared_after_adding_product_to_basket(self, browser):\n        # Arrange\n        page = ProductPage(browser, link1)\n        page.open()\n    \n        # Act\n        page.add_product_to_basket()\n    \n        # Assert\n>       page.should_disappear_success_message()\n\nmodule_5\\test_product_page.py:60: \n_ _ _ _ _ _ _ _ _ _ _ _ _ _ _ _ _ _ _ _ _ _ _ _ _ _ _ _ _ _ _ _ _ _ _ _ _ _ _ _ _ _ _ _ _ _ _ _ _ _ _ _ _ _ _ _ _ _ _ _ _ _ _ _ _ _ _ _ _ _ _ _ _ _ _ _ _ \n\nself = <module_5.pages.product_page.ProductPage object at 0x0000020F43785CD0>\n\n    def should_disappear_success_message(self):\n        # Assert\n>       assert self.is_disappeared(*ProductPageLocators.SUCCESS_MESSAGE), \\\n            \"Success message is not disappeared, but should be\"\nE       AssertionError: Success message is not disappeared, but should be\n\nmodule_5\\pages\\product_page.py:38: AssertionError",
    "steps" : [ ],
    "attachments" : [ {
      "uid" : "23588a386533055a",
      "name" : "stdout",
      "source" : "23588a386533055a.txt",
      "type" : "text/plain",
      "size" : 42
    } ],
    "parameters" : [ ],
    "attachmentsCount" : 1,
    "shouldDisplayMessage" : true,
    "stepsCount" : 0,
    "hasContent" : true
  },
  "afterStages" : [ {
    "name" : "browser::0",
    "time" : {
      "start" : 1615673567129,
      "stop" : 1615673569246,
      "duration" : 2117
    },
    "status" : "passed",
    "steps" : [ ],
    "attachments" : [ ],
    "parameters" : [ ],
    "attachmentsCount" : 0,
    "shouldDisplayMessage" : false,
    "stepsCount" : 0,
    "hasContent" : false
  } ],
  "labels" : [ {
    "name" : "tag",
    "value" : "@pytest.mark.xfail"
  }, {
    "name" : "parentSuite",
    "value" : "module_5"
  }, {
    "name" : "suite",
    "value" : "test_product_page"
  }, {
    "name" : "subSuite",
    "value" : "TestProductPage"
  }, {
    "name" : "host",
    "value" : "NB-119437"
  }, {
    "name" : "thread",
    "value" : "2872-MainThread"
  }, {
    "name" : "framework",
    "value" : "pytest"
  }, {
    "name" : "language",
    "value" : "cpython3"
  }, {
    "name" : "package",
    "value" : "module_5.test_product_page"
  }, {
    "name" : "resultFormat",
    "value" : "allure2"
  } ],
  "parameters" : [ ],
  "links" : [ ],
  "hidden" : false,
  "retry" : false,
  "extra" : {
    "severity" : "normal",
    "retries" : [ ],
    "categories" : [ ],
    "tags" : [ "@pytest.mark.xfail" ]
  },
  "source" : "684d755dc5d71a92.json",
  "parameterValues" : [ ]
}