{
  "uid" : "dcdc14a2447a2171",
  "name" : "test_guest_can_add_product_to_basket[offer7]",
  "fullName" : "module_5.test_product_page.TestProductPage#test_guest_can_add_product_to_basket",
  "historyId" : "8433857a769ecd2ca3eba03399b040cb",
  "time" : {
    "start" : 1615673522168,
    "stop" : 1615673524463,
    "duration" : 2295
  },
  "status" : "skipped",
  "statusMessage" : "XFAIL\n\nAssertionError: Product name is not correct",
  "statusTrace" : "self = <module_5.test_product_page.TestProductPage object at 0x0000020F43771490>\nbrowser = <selenium.webdriver.chrome.webdriver.WebDriver (session=\"dbb0b816ddbbfe4afbe8f0fb5f8306b7\")>, promo_offer = 'offer7'\n\n    @pytest.mark.parametrize('promo_offer',\n                             [\"offer0\", \"offer1\", \"offer2\", \"offer3\", \"offer4\", \"offer5\", \"offer6\",\n                              pytest.param(\"offer7\", marks=pytest.mark.xfail),\n                              \"offer8\", \"offer9\"])\n    def test_guest_can_add_product_to_basket(self, browser, promo_offer):\n        # Arrange\n        product_link = f\"{link1}/?promo={promo_offer}\"\n        page = ProductPage(browser, product_link)\n        page.open()\n    \n        # Act\n        page.add_product_to_basket()\n        page.solve_quiz_and_get_code()\n    \n        # Assert\n>       page.should_be_correct_product_in_basket()\n\nmodule_5\\test_product_page.py:28: \n_ _ _ _ _ _ _ _ _ _ _ _ _ _ _ _ _ _ _ _ _ _ _ _ _ _ _ _ _ _ _ _ _ _ _ _ _ _ _ _ _ _ _ _ _ _ _ _ _ _ _ _ _ _ _ _ _ _ _ _ _ _ _ _ _ _ _ _ _ _ _ _ _ _ _ _ _ \nmodule_5\\pages\\product_page.py:12: in should_be_correct_product_in_basket\n    self.should_be_correct_name_of_product()\n_ _ _ _ _ _ _ _ _ _ _ _ _ _ _ _ _ _ _ _ _ _ _ _ _ _ _ _ _ _ _ _ _ _ _ _ _ _ _ _ _ _ _ _ _ _ _ _ _ _ _ _ _ _ _ _ _ _ _ _ _ _ _ _ _ _ _ _ _ _ _ _ _ _ _ _ _ \n\nself = <module_5.pages.product_page.ProductPage object at 0x0000020F4375ED30>\n\n    def should_be_correct_name_of_product(self):\n        # Act\n        product_name = self.browser.find_element(*ProductPageLocators.PRODUCT_NAME).text\n        correct_product_name = self.browser.find_element(*ProductPageLocators.CORRECT_PRODUCT_NAME).text\n    \n        # Assert\n>       assert product_name == correct_product_name, \"Product name is not correct\"\nE       AssertionError: Product name is not correct\n\nmodule_5\\pages\\product_page.py:21: AssertionError",
  "flaky" : false,
  "newFailed" : false,
  "beforeStages" : [ {
    "name" : "browser",
    "time" : {
      "start" : 1615673521067,
      "stop" : 1615673522167,
      "duration" : 1100
    },
    "status" : "passed",
    "steps" : [ ],
    "attachments" : [ ],
    "parameters" : [ ],
    "attachmentsCount" : 0,
    "shouldDisplayMessage" : false,
    "stepsCount" : 0,
    "hasContent" : false
  } ],
  "testStage" : {
    "status" : "skipped",
    "statusMessage" : "XFAIL\n\nAssertionError: Product name is not correct",
    "statusTrace" : "self = <module_5.test_product_page.TestProductPage object at 0x0000020F43771490>\nbrowser = <selenium.webdriver.chrome.webdriver.WebDriver (session=\"dbb0b816ddbbfe4afbe8f0fb5f8306b7\")>, promo_offer = 'offer7'\n\n    @pytest.mark.parametrize('promo_offer',\n                             [\"offer0\", \"offer1\", \"offer2\", \"offer3\", \"offer4\", \"offer5\", \"offer6\",\n                              pytest.param(\"offer7\", marks=pytest.mark.xfail),\n                              \"offer8\", \"offer9\"])\n    def test_guest_can_add_product_to_basket(self, browser, promo_offer):\n        # Arrange\n        product_link = f\"{link1}/?promo={promo_offer}\"\n        page = ProductPage(browser, product_link)\n        page.open()\n    \n        # Act\n        page.add_product_to_basket()\n        page.solve_quiz_and_get_code()\n    \n        # Assert\n>       page.should_be_correct_product_in_basket()\n\nmodule_5\\test_product_page.py:28: \n_ _ _ _ _ _ _ _ _ _ _ _ _ _ _ _ _ _ _ _ _ _ _ _ _ _ _ _ _ _ _ _ _ _ _ _ _ _ _ _ _ _ _ _ _ _ _ _ _ _ _ _ _ _ _ _ _ _ _ _ _ _ _ _ _ _ _ _ _ _ _ _ _ _ _ _ _ \nmodule_5\\pages\\product_page.py:12: in should_be_correct_product_in_basket\n    self.should_be_correct_name_of_product()\n_ _ _ _ _ _ _ _ _ _ _ _ _ _ _ _ _ _ _ _ _ _ _ _ _ _ _ _ _ _ _ _ _ _ _ _ _ _ _ _ _ _ _ _ _ _ _ _ _ _ _ _ _ _ _ _ _ _ _ _ _ _ _ _ _ _ _ _ _ _ _ _ _ _ _ _ _ \n\nself = <module_5.pages.product_page.ProductPage object at 0x0000020F4375ED30>\n\n    def should_be_correct_name_of_product(self):\n        # Act\n        product_name = self.browser.find_element(*ProductPageLocators.PRODUCT_NAME).text\n        correct_product_name = self.browser.find_element(*ProductPageLocators.CORRECT_PRODUCT_NAME).text\n    \n        # Assert\n>       assert product_name == correct_product_name, \"Product name is not correct\"\nE       AssertionError: Product name is not correct\n\nmodule_5\\pages\\product_page.py:21: AssertionError",
    "steps" : [ ],
    "attachments" : [ {
      "uid" : "b7694cb78abe21e9",
      "name" : "stdout",
      "source" : "b7694cb78abe21e9.txt",
      "type" : "text/plain",
      "size" : 68
    } ],
    "parameters" : [ ],
    "attachmentsCount" : 1,
    "shouldDisplayMessage" : true,
    "stepsCount" : 0,
    "hasContent" : true
  },
  "afterStages" : [ {
    "name" : "browser::0",
    "time" : {
      "start" : 1615673524536,
      "stop" : 1615673526614,
      "duration" : 2078
    },
    "status" : "passed",
    "steps" : [ ],
    "attachments" : [ ],
    "parameters" : [ ],
    "attachmentsCount" : 0,
    "shouldDisplayMessage" : false,
    "stepsCount" : 0,
    "hasContent" : false
  } ],
  "labels" : [ {
    "name" : "tag",
    "value" : "@pytest.mark.xfail"
  }, {
    "name" : "parentSuite",
    "value" : "module_5"
  }, {
    "name" : "suite",
    "value" : "test_product_page"
  }, {
    "name" : "subSuite",
    "value" : "TestProductPage"
  }, {
    "name" : "host",
    "value" : "NB-119437"
  }, {
    "name" : "thread",
    "value" : "2872-MainThread"
  }, {
    "name" : "framework",
    "value" : "pytest"
  }, {
    "name" : "language",
    "value" : "cpython3"
  }, {
    "name" : "package",
    "value" : "module_5.test_product_page"
  }, {
    "name" : "resultFormat",
    "value" : "allure2"
  } ],
  "parameters" : [ {
    "name" : "promo_offer",
    "value" : "'offer7'"
  } ],
  "links" : [ ],
  "hidden" : false,
  "retry" : false,
  "extra" : {
    "severity" : "normal",
    "retries" : [ ],
    "categories" : [ ],
    "tags" : [ "@pytest.mark.xfail" ]
  },
  "source" : "dcdc14a2447a2171.json",
  "parameterValues" : [ "'offer7'" ]
}